for 1 threads executed in 4204732 nanosecs
for 2 threads executed in 3195973 nanosecs
for 3 threads executed in 3244739 nanosecs
for 4 threads executed in 2664730 nanosecs
for 5 threads executed in 2535737 nanosecs
for 6 threads executed in 2414579 nanosecs
for 7 threads executed in 6113449 nanosecs
for 8 threads executed in 2418052 nanosecs
for 9 threads executed in 2475298 nanosecs
for 10 threads executed in 2574505 nanosecs
for 11 threads executed in 2621973 nanosecs
for 12 threads executed in 2753437 nanosecs
for 13 threads executed in 3208511 nanosecs
for 14 threads executed in 3665573 nanosecs
for 15 threads executed in 4414875 nanosecs
for 16 threads executed in 2546984 nanosecs
for 17 threads executed in 2596800 nanosecs
for 18 threads executed in 2774733 nanosecs
for 19 threads executed in 2685238 nanosecs
for 20 threads executed in 4792420 nanosecs
for 21 threads executed in 2746083 nanosecs
for 22 threads executed in 2758152 nanosecs
for 23 threads executed in 6000884 nanosecs
for 24 threads executed in 4703328 nanosecs
for 25 threads executed in 992398272 nanosecs
for 26 threads executed in 4703328 nanosecs
for 27 threads executed in 992398272 nanosecs
for 28 threads executed in 4703328 nanosecs
for 29 threads executed in 987629110 nanosecs
for 30 threads executed in 986184879 nanosecs
for 31 threads executed in 698507 nanosecs
for 32 threads executed in 12990690 nanosecs
for 33 threads executed in 698507 nanosecs
for 34 threads executed in 12990690 nanosecs
for 35 threads executed in 92170061 nanosecs
for 36 threads executed in 4397174 nanosecs
for 37 threads executed in 5047664 nanosecs
for 38 threads executed in 3483284 nanosecs
for 39 threads executed in 2835027 nanosecs
for 40 threads executed in 2742305 nanosecs
for 41 threads executed in 2989486 nanosecs
for 42 threads executed in 2922850 nanosecs
for 43 threads executed in 3082295 nanosecs
for 44 threads executed in 4832339 nanosecs
for 45 threads executed in 7634328 nanosecs
for 46 threads executed in 3561175 nanosecs
for 47 threads executed in 4751020 nanosecs
for 48 threads executed in 6016669 nanosecs
for 49 threads executed in 3226986 nanosecs
for 50 threads executed in 3123103 nanosecs
for 1 threads executed in 4028503 nanosecs
for 2 threads executed in 2353889 nanosecs
for 3 threads executed in 2407940 nanosecs
for 4 threads executed in 2206615 nanosecs
for 5 threads executed in 2641934 nanosecs
for 6 threads executed in 2255949 nanosecs
for 7 threads executed in 2388718 nanosecs
for 8 threads executed in 3489692 nanosecs
for 9 threads executed in 2608947 nanosecs
for 10 threads executed in 2492630 nanosecs
for 11 threads executed in 2567956 nanosecs
for 12 threads executed in 4181385 nanosecs
for 13 threads executed in 4456201 nanosecs
for 14 threads executed in 4663760 nanosecs
for 15 threads executed in 5255235 nanosecs
for 16 threads executed in 2523830 nanosecs
for 17 threads executed in 3775602 nanosecs
for 18 threads executed in 2671839 nanosecs
for 19 threads executed in 2498490 nanosecs
for 20 threads executed in 4024314 nanosecs
for 21 threads executed in 3928301 nanosecs
for 22 threads executed in 2822080 nanosecs
for 23 threads executed in 3013498 nanosecs
for 24 threads executed in 4769447 nanosecs
for 25 threads executed in 4435005 nanosecs
for 26 threads executed in 4090570 nanosecs
for 27 threads executed in 2670371 nanosecs
for 28 threads executed in 2634886 nanosecs
for 29 threads executed in 2733233 nanosecs
for 30 threads executed in 2854436 nanosecs
for 31 threads executed in 2751015 nanosecs
for 32 threads executed in 4515200 nanosecs
for 33 threads executed in 3026938 nanosecs
for 34 threads executed in 5515368 nanosecs
for 35 threads executed in 5762756 nanosecs
for 36 threads executed in 4629704 nanosecs
for 37 threads executed in 4343209 nanosecs
for 38 threads executed in 5957040 nanosecs
for 39 threads executed in 3044763 nanosecs
for 40 threads executed in 3216352 nanosecs
for 41 threads executed in 2845060 nanosecs
for 42 threads executed in 3116239 nanosecs
for 43 threads executed in 3044064 nanosecs
for 44 threads executed in 3136422 nanosecs
for 45 threads executed in 3184564 nanosecs
for 46 threads executed in 3319208 nanosecs
for 47 threads executed in 3543820 nanosecs
for 48 threads executed in 3399528 nanosecs
for 49 threads executed in 6398212 nanosecs
for 50 threads executed in 5942288 nanosecs
for 1 threads executed in 4404395 nanosecs
for 2 threads executed in 3203411 nanosecs
for 3 threads executed in 2495596 nanosecs
for 4 threads executed in 2475782 nanosecs
for 5 threads executed in 2330285 nanosecs
for 6 threads executed in 2619252 nanosecs
for 7 threads executed in 2368479 nanosecs
for 8 threads executed in 2285413 nanosecs
for 9 threads executed in 2549534 nanosecs
for 10 threads executed in 2528147 nanosecs
for 11 threads executed in 2689939 nanosecs
for 12 threads executed in 2569528 nanosecs
for 13 threads executed in 4623090 nanosecs
for 14 threads executed in 5333959 nanosecs
for 15 threads executed in 8170165 nanosecs
for 16 threads executed in 2553197 nanosecs
for 17 threads executed in 2551934 nanosecs
for 18 threads executed in 2399943 nanosecs
for 19 threads executed in 4802958 nanosecs
for 20 threads executed in 2533495 nanosecs
for 21 threads executed in 2605432 nanosecs
for 22 threads executed in 2885918 nanosecs
for 23 threads executed in 2787471 nanosecs
for 24 threads executed in 4566610 nanosecs
for 25 threads executed in 2875971 nanosecs
for 26 threads executed in 4902754 nanosecs
for 27 threads executed in 4555188 nanosecs
for 28 threads executed in 12215057 nanosecs
for 29 threads executed in 3162261 nanosecs
for 30 threads executed in 4433936 nanosecs
for 31 threads executed in 3264311 nanosecs
for 32 threads executed in 3023085 nanosecs
for 33 threads executed in 3090467 nanosecs
for 34 threads executed in 3544101 nanosecs
for 35 threads executed in 4686330 nanosecs
for 36 threads executed in 5634752 nanosecs
for 37 threads executed in 2980639 nanosecs
for 38 threads executed in 2876235 nanosecs
for 39 threads executed in 3117062 nanosecs
for 40 threads executed in 2887700 nanosecs
for 41 threads executed in 3795820 nanosecs
for 42 threads executed in 3280406 nanosecs
for 43 threads executed in 3399984 nanosecs
for 44 threads executed in 7669138 nanosecs
for 45 threads executed in 5322626 nanosecs
for 46 threads executed in 6679795 nanosecs
for 47 threads executed in 5764906 nanosecs
for 48 threads executed in 3000376 nanosecs
for 49 threads executed in 4082777 nanosecs
for 50 threads executed in 3134240 nanosecs
for 1 threads executed in 2405394 nanosecs
for 2 threads executed in 3212593 nanosecs
for 3 threads executed in 2600818 nanosecs
for 4 threads executed in 2584347 nanosecs
for 5 threads executed in 3532523 nanosecs
for 6 threads executed in 4301124 nanosecs
for 7 threads executed in 4222361 nanosecs
for 8 threads executed in 3069304 nanosecs
for 9 threads executed in 2234954 nanosecs
for 10 threads executed in 3020219 nanosecs
for 11 threads executed in 2227911 nanosecs
for 12 threads executed in 2574732 nanosecs
for 13 threads executed in 2366971 nanosecs
for 14 threads executed in 3217999 nanosecs
for 15 threads executed in 2475004 nanosecs
for 16 threads executed in 2592623 nanosecs
for 17 threads executed in 2647904 nanosecs
for 18 threads executed in 4424134 nanosecs
for 19 threads executed in 3776019 nanosecs
for 20 threads executed in 4897248 nanosecs
for 21 threads executed in 2653700 nanosecs
for 22 threads executed in 2678178 nanosecs
for 23 threads executed in 2649462 nanosecs
for 24 threads executed in 2718073 nanosecs
for 25 threads executed in 2653080 nanosecs
for 26 threads executed in 2861507 nanosecs
for 27 threads executed in 4371920 nanosecs
for 28 threads executed in 3150953 nanosecs
for 29 threads executed in 5513318 nanosecs
for 30 threads executed in 4230602 nanosecs
for 31 threads executed in 4819951 nanosecs
for 32 threads executed in 3718751 nanosecs
for 33 threads executed in 2796484 nanosecs
for 34 threads executed in 2918256 nanosecs
for 35 threads executed in 3155582 nanosecs
for 36 threads executed in 3820551 nanosecs
for 37 threads executed in 3229093 nanosecs
for 38 threads executed in 5255334 nanosecs
for 39 threads executed in 5496330 nanosecs
for 40 threads executed in 4217130 nanosecs
for 41 threads executed in 4986557 nanosecs
for 42 threads executed in 11902304 nanosecs
for 43 threads executed in 3051518 nanosecs
for 44 threads executed in 3880541 nanosecs
for 45 threads executed in 3220573 nanosecs
for 46 threads executed in 4873277 nanosecs
for 47 threads executed in 3278242 nanosecs
for 48 threads executed in 3468613 nanosecs
for 49 threads executed in 6928096 nanosecs
for 50 threads executed in 4465390 nanosecs
for 1 threads executed in 4553057 nanosecs
for 2 threads executed in 28624889 nanosecs
for 3 threads executed in 3219461 nanosecs
for 4 threads executed in 4457503 nanosecs
for 5 threads executed in 4187593 nanosecs
for 6 threads executed in 4177434 nanosecs
for 7 threads executed in 4306025 nanosecs
for 8 threads executed in 4188311 nanosecs
for 9 threads executed in 4776798 nanosecs
for 10 threads executed in 4489876 nanosecs
for 11 threads executed in 2372351 nanosecs
for 12 threads executed in 2396066 nanosecs
for 13 threads executed in 2770786 nanosecs
for 14 threads executed in 3891674 nanosecs
for 15 threads executed in 2745932 nanosecs
for 16 threads executed in 3667833 nanosecs
for 17 threads executed in 3975200 nanosecs
for 18 threads executed in 4052164 nanosecs
for 19 threads executed in 5549357 nanosecs
for 20 threads executed in 2481714 nanosecs
for 21 threads executed in 2657529 nanosecs
for 22 threads executed in 4993340 nanosecs
for 23 threads executed in 2681510 nanosecs
for 24 threads executed in 3122319 nanosecs
for 25 threads executed in 3182850 nanosecs
for 26 threads executed in 3139757 nanosecs
for 27 threads executed in 7561582 nanosecs
for 28 threads executed in 6884943 nanosecs
for 29 threads executed in 8664166 nanosecs
for 30 threads executed in 6042218 nanosecs
for 31 threads executed in 3466343 nanosecs
for 32 threads executed in -6795442 nanosecs
for 33 threads executed in 999639769 nanosecs
for 34 threads executed in -6795442 nanosecs
for 35 threads executed in 999639769 nanosecs
for 36 threads executed in -6795442 nanosecs
for 37 threads executed in 999639769 nanosecs
for 38 threads executed in -6795442 nanosecs
for 39 threads executed in 999639769 nanosecs
for 40 threads executed in -6795442 nanosecs
for 41 threads executed in 999639769 nanosecs
for 42 threads executed in -893336930 nanosecs
for 43 threads executed in 5279091 nanosecs
for 44 threads executed in 7683013 nanosecs
for 45 threads executed in 4062263 nanosecs
for 46 threads executed in 3415290 nanosecs
for 47 threads executed in 4596936 nanosecs
for 48 threads executed in 3142256 nanosecs
for 49 threads executed in 3061296 nanosecs
for 50 threads executed in 3557001 nanosecs
























































































































































































































































































































































































































































































































































































































for 1 : 
for 2 : 
for 3 : 
for 4 : 
for 5 : 
for 6 : 
for 7 : 
for 8 : 
for 9 : 
for 10 : 
for 11 : 
for 12 : 
for 13 : 
for 14 : 
for 15 : 
for 16 : 
for 17 : 
for 18 : 
for 19 : 
for 20 : 
for 21 : 
for 22 : 
for 23 : 
for 24 : 
for 25 : 
for 26 : 
for 27 : 
for 28 : 
for 29 : 
for 30 : 
for 31 : 
for 32 : 
for 33 : 
for 34 : 
for 35 : 
for 36 : 
for 37 : 
for 38 : 
for 39 : 
for 40 : 
for 41 : 
for 42 : 
for 43 : 
for 44 : 
for 45 : 
for 46 : 
for 47 : 
for 48 : 
for 49 : 
for 50 : 
for 1 : 
for 2 : 
for 3 : 
for 4 : 
for 5 : 
for 6 : 
for 7 : 
for 8 : 
for 9 : 
for 10 : 
for 11 : 
for 12 : 
for 13 : 
for 14 : 
for 15 : 
for 16 : 
for 17 : 
for 18 : 
for 19 : 
for 20 : 
for 21 : 
for 22 : 
for 23 : 
for 24 : 
for 25 : 
for 26 : 
for 27 : 
for 28 : 
for 29 : 
for 30 : 
for 31 : 
for 32 : 
for 33 : 
for 34 : 
for 35 : 
for 36 : 
for 37 : 
for 38 : 
for 39 : 
for 40 : 
for 41 : 
for 42 : 
for 43 : 
for 44 : 
for 45 : 
for 46 : 
for 47 : 
for 48 : 
for 49 : 
for 50 : 
for 1 : 
for 2 : 
for 3 : 
for 4 : 
for 5 : 
for 6 : 
for 7 : 
for 8 : 
for 9 : 
for 10 : 
for 11 : 
for 12 : 
for 13 : 
for 14 : 
for 15 : 
for 16 : 
for 17 : 
for 18 : 
for 19 : 
for 20 : 
for 21 : 
for 22 : 
for 23 : 
for 24 : 
for 25 : 
for 26 : 
for 27 : 
for 28 : 
for 29 : 
for 30 : 
for 31 : 
for 32 : 
for 33 : 
for 34 : 
for 35 : 
for 36 : 
for 37 : 
for 38 : 
for 39 : 
for 40 : 
for 41 : 
for 42 : 
for 43 : 
for 44 : 
for 45 : 
for 46 : 
for 47 : 
for 48 : 
for 49 : 
for 50 : 






















































































































































for 1 
for 2 
for 3 
for 4 
for 5 
for 6 
for 7 
for 8 
for 9 
for 10 
for 11 
for 12 
for 13 
for 14 
for 15 
for 16 
for 17 
for 18 
for 19 
for 20 
for 21 
for 22 
for 23 
for 24 
for 25 
for 26 
for 27 
for 28 
for 29 
for 30 
for 31 
for 32 
for 33 
for 34 
for 35 
for 36 
for 37 
for 38 
for 39 
for 40 
for 41 
for 42 
for 43 
for 44 
for 45 
for 46 
for 47 
for 48 
for 49 
for 50 
for 1 
for 2 
for 3 
for 4 
for 5 
for 6 
for 7 
for 8 
for 9 
for 10 
for 11 
for 12 
for 13 
for 14 
for 15 
for 16 
for 17 
for 18 
for 19 
for 20 
for 21 
for 22 
for 23 
for 24 
for 25 
for 26 
for 27 
for 28 
for 29 
for 30 
for 31 
for 32 
for 33 
for 34 
for 35 
for 36 
for 37 
for 38 
for 39 
for 40 
for 41 
for 42 
for 43 
for 44 
for 45 
for 46 
for 47 
for 48 
for 49 
for 50 
for 1 
for 2 
for 3 
for 4 
for 5 
for 6 
for 7 
for 8 
for 9 
for 10 
for 11 
for 12 
for 13 
for 14 
for 15 
for 16 
for 17 
for 18 
for 19 
for 20 
for 21 
for 22 
for 23 
for 24 
for 25 
for 26 
for 27 
for 28 
for 29 
for 30 
for 31 
for 32 
for 33 
for 34 
for 35 
for 36 
for 37 
for 38 
for 39 
for 40 
for 41 
for 42 
for 43 
for 44 
for 45 
for 46 
for 47 
for 48 
for 49 
for 50 
for 1 
for 2 
for 3 
for 4 
for 5 
for 6 
for 7 
for 8 
for 9 
for 10 
for 11 
for 12 
for 13 
for 14 
for 15 
for 16 
for 17 
for 18 
for 19 
for 20 
for 21 
for 22 
for 23 
for 24 
for 25 
for 26 
for 27 
for 28 
for 29 
for 30 
for 31 
for 32 
for 33 
for 34 
for 35 
for 36 
for 37 
for 38 
for 39 
for 40 
for 41 
for 42 
for 43 
for 44 
for 45 
for 46 
for 47 
for 48 
for 49 
for 50 
for 1 
for 2 
for 3 
for 4 
for 5 
for 6 
for 7 
for 8 
for 9 
for 10 
for 11 
for 12 
for 13 
for 14 
for 15 
for 16 
for 17 
for 18 
for 19 
for 20 
for 21 
for 22 
for 23 
for 24 
for 25 
for 26 
for 27 
for 28 
for 29 
for 30 
for 31 
for 32 
for 33 
for 34 
for 35 
for 36 
for 37 
for 38 
for 39 
for 40 
for 41 
for 42 
for 43 
for 44 
for 45 
for 46 
for 47 
for 48 
for 49 
for 50 
for 1 
for 2 
for 3 
for 4 
for 5 
for 6 
for 7 
for 8 
for 9 
for 10 
for 11 
for 12 
for 13 
for 14 
for 15 
for 16 
for 17 
for 18 
for 19 
for 20 
for 21 
for 22 
for 23 
for 24 
for 25 
for 26 
for 27 
for 28 
for 29 
for 30 
for 31 
for 32 
for 33 
for 34 
for 35 
for 36 
for 37 
for 38 
for 39 
for 40 
for 41 
for 42 
for 43 
for 44 
for 45 
for 46 
for 47 
for 48 
for 49 
for 50 
for 1 
for 2 
for 3 
for 4 
for 5 
for 6 
for 7 
for 8 
for 9 
for 10 
for 11 
for 12 
for 13 
for 14 
for 15 
for 16 
for 17 
for 18 
for 19 
for 20 
for 21 
for 22 
for 23 
for 24 
for 25 
for 26 
for 27 
for 28 
for 29 
for 30 
for 31 
for 32 
for 33 
for 34 
for 35 
for 36 
for 37 
for 38 
for 39 
for 40 
for 41 
for 42 
for 43 
for 44 
for 45 
for 46 
for 47 
for 48 
for 49 
for 50 
for 1 
for 2 
for 3 
for 4 
for 5 
for 6 
for 7 
for 8 
for 9 
for 10 
for 11 
for 12 
for 13 
for 14 
for 15 
for 16 
for 17 
for 18 
for 19 
for 20 
for 21 
for 22 
for 23 
for 24 
for 25 
for 26 
for 27 
for 28 
for 29 
for 30 
for 31 
for 32 
for 33 
for 34 
for 35 
for 36 
for 37 
for 38 
for 39 
for 40 
for 41 
for 42 
for 43 
for 44 
for 45 
for 46 
for 47 
for 48 
for 49 
for 50 
for 1 
for 2 
for 3 
for 4 
for 5 
for 6 
for 7 
for 8 
for 9 
for 10 
for 11 
for 12 
for 13 
for 14 
for 15 
for 16 
for 17 
for 18 
for 19 
for 20 
for 21 
for 22 
for 23 
for 24 
for 25 
for 26 
for 27 
for 28 
for 29 
for 30 
for 31 
for 32 
for 33 
for 34 
for 35 
for 36 
for 37 
for 38 
for 39 
for 40 
for 41 
for 42 
for 43 
for 44 
for 45 
for 46 
for 47 
for 48 
for 49 
for 50 
for 1 
for 2 
for 3 
for 4 
for 5 
for 6 
for 7 
for 8 
for 9 
for 10 
for 11 
for 12 
for 13 
for 14 
for 15 
for 16 
for 17 
for 18 
for 19 
for 20 
for 21 
for 22 
for 23 
for 24 
for 25 
for 26 
for 27 
for 28 
for 29 
for 30 
for 31 
for 32 
for 33 
for 34 
for 35 
for 36 
for 37 
for 38 
for 39 
for 40 
for 41 
for 42 
for 43 
for 44 
for 45 
for 46 
for 47 
for 48 
for 49 
for 50 
for 1 
for 2 
for 3 
for 4 
for 5 
for 6 
for 7 
for 8 
for 9 
for 10 
for 11 
for 12 
for 13 
for 14 
for 15 
for 16 
for 17 
for 18 
for 19 
for 20 
for 21 
for 22 
for 23 
for 24 
for 25 
for 26 
for 27 
for 28 
for 29 
for 30 
for 31 
for 32 
for 33 
for 34 
for 35 
for 36 
for 37 
for 38 
for 39 
for 40 
for 41 
for 42 
for 43 
for 44 
for 45 
for 46 
for 47 
for 48 
for 49 
for 50 
for 1 
for 2 
for 3 
for 4 
for 5 
for 6 
for 7 
for 8 
for 9 
for 10 
for 11 
for 12 
for 13 
for 14 
for 15 
for 16 
for 17 
for 18 
for 19 
for 20 
for 21 
for 22 
for 23 
for 24 
for 25 
for 26 
for 27 
for 28 
for 29 
for 30 
for 31 
for 32 
for 33 
for 34 
for 35 
for 36 
for 37 
for 38 
for 39 
for 40 
for 41 
for 42 
for 43 
for 44 
for 45 
for 46 
for 47 
for 48 
for 49 
for 50 
for 1 0m0.063s
for 2 0m0.065s
for 3 0m0.067s
for 4 0m0.071s
for 5 0m0.062s
for 6 0m0.066s
for 7 0m0.054s
for 8 0m0.057s
for 9 0m0.066s
for 10 0m0.057s
for 11 0m0.045s
for 12 0m0.056s
for 13 0m0.051s
for 14 0m0.053s
for 15 0m0.050s
for 16 0m0.044s
for 17 0m0.059s
for 18 0m0.057s
for 19 0m0.056s
for 20 0m0.045s
for 21 0m0.062s
for 22 0m0.047s
for 23 0m0.048s
for 24 0m0.051s
for 25 0m0.058s
for 26 0m0.050s
for 27 0m0.053s
for 28 0m0.045s
for 29 0m0.051s
for 30 0m0.052s
for 31 0m0.055s
for 32 0m0.045s
for 33 0m0.045s
for 34 0m0.049s
for 35 0m0.040s
for 36 0m0.045s
for 37 0m0.049s
for 38 0m0.035s
for 39 0m0.036s
for 40 0m0.046s
for 41 0m0.046s
for 42 0m0.033s
for 43 0m0.051s
for 44 0m0.055s
for 45 0m0.039s
for 46 0m0.043s
for 47 0m0.055s
for 48 0m0.051s
for 49 0m0.051s
for 50 0m0.051s
for 1 0.067
for 2 0.069
for 3 0.060
for 4 0.070
for 5 0.070
for 6 0.062
for 7 0.064
for 8 0.055
for 9 0.048
for 10 0.066
for 11 0.056
for 12 0.054
for 13 0.051
for 14 0.058
for 15 0.058
for 16 0.052
for 17 0.051
for 18 0.058
for 19 0.045
for 20 0.053
for 21 0.054
for 22 0.053
for 23 0.054
for 24 0.062
for 25 0.055
for 26 0.045
for 27 0.047
for 28 0.047
for 29 0.046
for 30 0.054
for 31 0.043
for 32 0.050
for 33 0.042
for 34 0.053
for 35 0.044
for 36 0.050
for 37 0.050
for 38 0.046
for 39 0.047
for 40 0.044
for 41 0.048
for 42 0.051
for 43 0.052
for 44 0.053
for 45 0.048
for 46 0.055
for 47 0.054
for 48 0.037
for 49 0.050
for 50 0.044
for 1 0.071
for 2 0.084
for 3 0.075
for 4 0.071
for 5 0.073
for 6 0.063
for 7 0.059
for 8 0.057
for 9 0.073
for 10 0.049
for 11 0.054
for 12 0.063
for 13 0.047
for 14 0.056
for 15 0.059
for 16 0.052
for 17 0.059
for 18 0.062
for 19 0.050
for 20 0.043
for 21 0.052
for 22 0.051
for 23 0.058
for 24 0.054
for 25 0.052
for 26 0.043
for 27 0.054
for 28 0.056
for 29 0.056
for 30 0.050
for 31 0.044
for 32 0.054
for 33 0.042
for 34 0.050
for 35 0.048
for 36 0.049
for 37 0.047
for 38 0.066
for 39 0.057
for 40 0.045
for 41 0.047
for 42 0.052
for 43 0.041
for 44 0.051
for 45 0.064
for 46 0.047
for 47 0.040
for 48 0.052
for 49 0.039
for 50 0.049
for 1 0.067
for 2 0.059
for 3 0.073
for 4 0.060
for 5 0.072
for 6 0.069
for 7 0.059
for 8 0.055
for 9 0.055
for 10 0.047
for 11 0.054
for 12 0.060
for 13 0.058
for 14 0.056
for 15 0.066
for 16 0.052
for 17 0.055
for 18 0.044
for 19 0.053
for 20 0.051
for 21 0.050
for 22 0.053
for 23 0.055
for 24 0.055
for 25 0.046
for 26 0.048
for 27 0.060
for 28 0.054
for 29 0.049
for 30 0.078
for 31 0.045
for 32 0.056
for 33 0.050
for 34 0.052
for 35 0.051
for 36 0.061
for 37 0.044
for 38 0.058
for 39 0.045
for 40 0.039
for 41 0.033
for 42 0.050
for 43 0.047
for 44 0.050
for 45 0.063
for 46 0.045
for 47 0.051
for 48 0.064
for 49 0.047
for 50 0.052
for 1 0.072
for 2 0.064
for 3 0.066
for 4 0.066
for 5 0.065
for 6 0.068
for 7 0.053
for 8 0.058
for 9 0.055
for 10 0.053
for 11 0.051
for 12 0.050
for 13 0.052
for 14 0.050
for 15 0.054
for 16 0.066
for 17 0.054
for 18 0.053
for 19 0.048
for 20 0.054
for 21 0.057
for 22 0.046
for 23 0.055
for 24 0.056
for 25 0.045
for 26 0.051
for 27 0.042
for 28 0.049
for 29 0.043
for 30 0.040
for 31 0.046
for 32 0.054
for 33 0.048
for 34 0.049
for 35 0.048
for 36 0.055
for 37 0.048
for 38 0.056
for 39 0.047
for 40 0.039
for 41 0.054
for 42 0.059
for 43 0.037
for 44 0.054
for 45 0.065
for 46 0.042
for 47 0.038
for 48 0.058
for 49 0.051
for 50 0.043
for 1 0.069
for 1 0.070
for 1 0.070
for 1 0.066
for 1 0.071
for 1 0.075
for 2 0.070
for 3 0.082
for 4 0.064
for 5 0.061
for 6 0.055
for 7 0.067
for 8 0.069
for 9 0.046
for 10 0.060
for 11 0.073
for 12 0.052
for 13 0.055
for 14 0.057
for 15 0.047
for 16 0.048
for 17 0.055
for 18 0.054
for 19 0.057
for 20 0.059
for 21 0.048
for 22 0.052
for 23 0.048
for 24 0.051
for 25 0.061
for 26 0.062
for 27 0.048
for 28 0.045
for 29 0.058
for 30 0.045
for 31 0.048
for 32 0.046
for 33 0.046
for 34 0.054
for 35 0.055
for 36 0.049
for 37 0.048
for 38 0.049
for 39 0.048
for 40 0.039
for 41 0.063
for 42 0.048
for 43 0.052
for 44 0.043
for 45 0.066
for 46 0.052
for 47 0.037
for 48 0.057
for 49 0.051
for 50 0.051
for 1 0.071
for 2 0.060
for 3 0.067
for 4 0.066
for 5 0.056
for 6 0.052
for 7 0.057
for 8 0.058
for 9 0.058
for 10 0.062
for 11 0.049
for 12 0.054
for 13 0.061
for 14 0.059
for 15 0.052
for 16 0.062
for 17 0.058
for 18 0.052
for 19 0.056
for 20 0.063
for 21 0.049
for 22 0.054
for 23 0.055
for 24 0.053
for 25 0.056
for 26 0.060
for 27 0.053
for 28 0.055
for 29 0.061
for 30 0.051
for 31 0.051
for 32 0.048
for 33 0.053
for 34 0.047
for 35 0.049
for 36 0.039
for 37 0.048
for 38 0.058
for 39 0.048
for 40 0.046
for 41 0.045
for 42 0.049
for 43 0.046
for 44 0.056
for 45 0.050
for 46 0.052
for 47 0.048
for 48 0.045
for 49 0.046
for 50 0.048
for 1 0.065
for 1 0.069
for 1 0.068
for 1 0.073
for 2 0.064
for 3 0.068
for 4 0.066
for 5 0.072
for 6 0.063
for 7 0.062
for 8 0.060
for 9 0.055
for 10 0.055
for 11 0.051
for 12 0.050
for 13 0.061
for 14 0.045
for 15 0.045
for 16 0.063
for 17 0.042
for 18 0.053
for 19 0.045
for 20 0.054
for 21 0.046
for 22 0.066
for 23 0.045
for 24 0.049
for 25 0.062
for 26 0.053
for 27 0.052
for 28 0.055
for 29 0.047
for 30 0.046
for 31 0.060
for 32 0.060
for 33 0.042
for 34 0.050
for 35 0.067
for 36 0.046
for 37 0.055
for 38 0.047
for 39 0.044
for 40 0.051
for 41 0.058
for 42 0.053
for 43 0.054
for 44 0.057
for 45 0.047
for 46 0.038
for 47 0.054
for 48 0.051
for 49 0.039
for 50 0.048
for 1 0.073
for 2 0.064
for 3 0.065
for 4 0.081
for 5 0.060
for 6 0.062
for 7 0.069
for 8 0.072
for 9 0.052
for 10 0.058
for 11 0.066
for 12 0.057
for 13 0.056
for 14 0.058
for 15 0.048
for 16 0.052
for 17 0.063
for 18 0.057
for 19 0.044
for 20 0.044
for 21 0.045
for 22 0.041
for 23 0.052
for 24 0.062
for 25 0.050
for 26 0.047
for 27 0.057
for 28 0.051
for 29 0.055
for 30 0.055
for 31 0.044
for 32 0.050
for 33 0.053
for 34 0.045
for 35 0.052
for 36 0.050
for 37 0.044
for 38 0.046
for 39 0.061
for 40 0.051
for 41 0.048
for 42 0.052
for 43 0.059
for 44 0.045
for 45 0.045
for 46 0.059
for 47 0.052
for 48 0.051
for 49 0.052
for 50 0.042
for 1 0.070
for 2 0.062
for 3 0.076
for 4 0.063
for 5 0.077
for 6 0.061
for 7 0.067
for 8 0.060
for 9 0.052
for 10 0.048
for 11 0.055
for 12 0.049
for 13 0.059
for 14 0.056
for 15 0.045
for 16 0.069
for 17 0.043
for 18 0.050
for 19 0.058
for 20 0.052
for 21 0.050
for 22 0.069
for 23 0.048
for 24 0.046
for 25 0.054
for 26 0.053
for 27 0.056
for 28 0.062
for 29 0.056
for 30 0.047
for 31 0.059
for 32 0.042
for 33 0.042
for 34 0.061
for 35 0.053
for 36 0.055
for 37 0.050
for 38 0.046
for 39 0.046
for 40 0.046
for 41 0.047
for 42 0.054
for 43 0.059
for 44 0.050
for 45 0.054
for 46 0.051
for 47 0.040
for 48 0.045
for 49 0.047
for 50 0.042
for 1 0.060
for 2 0.057
for 3 0.072
for 4 0.061
for 5 0.072
for 6 0.060
for 7 0.059
for 8 0.054
for 9 0.057
for 10 0.056
for 11 0.057
for 12 0.050
for 13 0.049
for 14 0.054
for 15 0.055
for 16 0.050
for 17 0.049
for 18 0.056
for 19 0.054
for 20 0.047
for 21 0.047
for 22 0.048
for 23 0.053
for 24 0.053
for 25 0.060
for 26 0.049
for 27 0.052
for 28 0.054
for 29 0.049
for 30 0.053
for 31 0.063
for 32 0.049
for 33 0.047
for 34 0.051
for 35 0.041
for 36 0.049
for 37 0.052
for 38 0.042
for 39 0.053
for 40 0.064
for 41 0.046
for 42 0.045
for 43 0.041
for 44 0.046
for 45 0.048
for 46 0.052
for 47 0.038
for 48 0.050
for 49 0.059
for 50 0.041
